#
# A fatal error has been detected by the Java Runtime Environment:
#
#  EXCEPTION_ACCESS_VIOLATION (0xc0000005) at pc=0x0000000003dfc79e, pid=7416, tid=0x0000000000001f00
#
# JRE version: OpenJDK Runtime Environment (8.0_76-b03) (build 1.8.0_76-release-b03)
# Java VM: OpenJDK 64-Bit Server VM (25.76-b03 mixed mode windows-amd64 compressed oops)
# Problematic frame:
# J 5771 C1 sun.invoke.util.BytecodeDescriptor.unparseMethod(Ljava/lang/Class;Ljava/util/List;)Ljava/lang/String; (68 bytes) @ 0x0000000003dfc79e [0x0000000003dfbde0+0x9be]
#
# Failed to write core dump. Minidumps are not enabled by default on client versions of Windows
#
# If you would like to submit a bug report, please visit:
#   http://bugreport.java.com/bugreport/crash.jsp
#

---------------  T H R E A D  ---------------

Current thread (0x0000000019c71800):  JavaThread "Daemon worker" [_thread_in_Java, id=7936, stack(0x000000001acc0000,0x000000001adc0000)]

siginfo: ExceptionCode=0xc0000005, reading address 0x0000200015eba520

Registers:
RAX=0x00000000e01741f8, RBX=0x000000001601c068, RCX=0x000000000000003b, RDX=0x000000010000d4c8
RSP=0x000000001adbb590, RBP=0x000000001adbb7a8, RSI=0x0000200015eba3f0, RDI=0x0000000000005825
R8 =0x000000000000003d, R9 =0x000000000000003c, R10=0x0000000000000000, R11=0x00000000e01741b0
R12=0x0000000000000000, R13=0x00000000e0174328, R14=0x000000001adbb7e0, R15=0x0000000019c71800
RIP=0x0000000003dfc79e, EFLAGS=0x0000000000010202

Top of Stack: (sp=0x000000001adbb590)
0x000000001adbb590:   0000000000000000 0000000002df2300
0x000000001adbb5a0:   00000000e0173cb0 0000000000000000
0x000000001adbb5b0:   000000001adbb7e0 000000001adbb748
0x000000001adbb5c0:   00000000a01d43d8 000000001adbb640
0x000000001adbb5d0:   0000000015d2b288 0000000002fa2139
0x000000001adbb5e0:   0000000000000001 000000001adbb640
0x000000001adbb5f0:   00000000e0172800 0000000002cf7a2d
0x000000001adbb600:   00000000e0172800 00000000e01741f8
0x000000001adbb610:   00000000e01741e0 00000000a01d43d8
0x000000001adbb620:   00000000e0174240 000000001a40eb70
0x000000001adbb630:   000000001adbb718 00000000030bdcac
0x000000001adbb640:   000000001adbb7a8 00000000037ed6ec
0x000000001adbb650:   000000001adbb6b8 0000000002cf7a2d
0x000000001adbb660:   0000000000000000 0000000000050000
0x000000001adbb670:   00000000e0174100 00000000e01733f0
0x000000001adbb680:   00000000e0173c10 00000000e0174178 

Instructions: (pc=0x0000000003dfc79e)
0x0000000003dfc77e:   7f 01 48 89 3c 32 0f 8e 9a 00 00 00 48 8b d0 48
0x0000000003dfc78e:   be f0 a3 eb 15 00 20 00 00 8b 52 08 48 c1 e2 03
0x0000000003dfc79e:   48 3b 96 30 01 00 00 75 0d 48 83 86 38 01 00 00
0x0000000003dfc7ae:   01 e9 66 00 00 00 48 3b 96 40 01 00 00 75 0d 48 


Register to memory mapping:

RAX=0x00000000e01741f8 is an oop
java.lang.StringBuilder 
 - klass: 'java/lang/StringBuilder'
RBX={method} {0x000000001601c070} 'hasNext' '()Z' in 'java/util/AbstractList$Itr'
RCX=0x000000000000003b is an unknown value
RDX=0x000000010000d4c8 is pointing into metadata
RSP=0x000000001adbb590 is pointing into the stack for thread: 0x0000000019c71800
RBP=0x000000001adbb7a8 is pointing into the stack for thread: 0x0000000019c71800
RSI=0x0000200015eba3f0 is an unknown value
RDI=0x0000000000005825 is an unknown value
R8 =0x000000000000003d is an unknown value
R9 =0x000000000000003c is an unknown value
R10=0x0000000000000000 is an unknown value
R11=0x00000000e01741b0 is an oop
[Ljava.lang.Class; 
 - klass: 'java/lang/Class'[]
 - length: 1
R12=0x0000000000000000 is an unknown value
R13=0x00000000e0174328 is an oop

[error occurred during error reporting (printing register info), id 0xc0000005]

Stack: [0x000000001acc0000,0x000000001adc0000],  sp=0x000000001adbb590,  free space=1005k
Native frames: (J=compiled Java code, j=interpreted, Vv=VM code, C=native code)
C  0x0000000003dfc79e


---------------  P R O C E S S  ---------------

Java Threads: ( => current thread )
  0x0000000019f49000 JavaThread "pool-4-thread-3" [_thread_blocked, id=3032, stack(0x00000000202a0000,0x00000000203a0000)]
  0x0000000019f45000 JavaThread "pool-4-thread-2" [_thread_blocked, id=3076, stack(0x000000001f170000,0x000000001f270000)]
  0x0000000019f48000 JavaThread "pool-4-thread-1" [_thread_blocked, id=3024, stack(0x000000001ee50000,0x000000001ef50000)]
  0x00000000188a0000 JavaThread "File lock request listener" [_thread_in_native, id=8180, stack(0x000000001d760000,0x000000001d860000)]
  0x0000000019ab9800 JavaThread "Stdin handler" [_thread_blocked, id=8248, stack(0x000000001aec0000,0x000000001afc0000)]
  0x0000000019c74000 JavaThread "Asynchronous log dispatcher for org.gradle.launcher.daemon.server.DefaultDaemonConnection@5d9df5bb" [_thread_blocked, id=1668, stack(0x000000001adc0000,0x000000001aec0000)]
=>0x0000000019c71800 JavaThread "Daemon worker" [_thread_in_Java, id=7936, stack(0x000000001acc0000,0x000000001adc0000)]
  0x0000000019aea800 JavaThread "Cancel handler" [_thread_blocked, id=2288, stack(0x000000001abc0000,0x000000001acc0000)]
  0x00000000194ce800 JavaThread "Handler for socket connection from /127.0.0.1:50434 to /127.0.0.1:50435" [_thread_in_native, id=8972, stack(0x000000001aac0000,0x000000001abc0000)]
  0x00000000194cc000 JavaThread "Daemon" [_thread_blocked, id=5536, stack(0x000000001a9c0000,0x000000001aac0000)]
  0x00000000197f3000 JavaThread "pool-1-thread-1" [_thread_blocked, id=2636, stack(0x000000001a8c0000,0x000000001a9c0000)]
  0x000000001925f000 JavaThread "Incoming local TCP Connector on port 50434" [_thread_in_native, id=9184, stack(0x0000000018eb0000,0x0000000018fb0000)]
  0x00000000166be800 JavaThread "Service Thread" daemon [_thread_blocked, id=7868, stack(0x00000000184b0000,0x00000000185b0000)]
  0x0000000016661000 JavaThread "C1 CompilerThread2" daemon [_thread_blocked, id=8380, stack(0x0000000017fb0000,0x00000000180b0000)]
  0x000000001665e000 JavaThread "C2 CompilerThread1" daemon [_thread_blocked, id=5568, stack(0x0000000017eb0000,0x0000000017fb0000)]
  0x000000001665a800 JavaThread "C2 CompilerThread0" daemon [_thread_in_native, id=6196, stack(0x0000000017db0000,0x0000000017eb0000)]
  0x0000000016659000 JavaThread "Attach Listener" daemon [_thread_blocked, id=7704, stack(0x0000000017cb0000,0x0000000017db0000)]
  0x0000000016658000 JavaThread "Signal Dispatcher" daemon [_thread_blocked, id=4872, stack(0x0000000017bb0000,0x0000000017cb0000)]
  0x0000000016648800 JavaThread "Finalizer" daemon [_thread_blocked, id=7884, stack(0x00000000178b0000,0x00000000179b0000)]
  0x0000000002c2f000 JavaThread "Reference Handler" daemon [_thread_blocked, id=3240, stack(0x00000000177b0000,0x00000000178b0000)]
  0x0000000002b40800 JavaThread "main" [_thread_blocked, id=964, stack(0x00000000012f0000,0x00000000013f0000)]

Other Threads:
  0x0000000016624800 VMThread [stack: 0x00000000176b0000,0x00000000177b0000] [id=8720]
  0x00000000180d3800 WatcherThread [stack: 0x00000000185b0000,0x00000000186b0000] [id=6904]

VM state:not at safepoint (normal execution)

VM Mutex/Monitor currently owned by a thread: None

Heap:
 PSYoungGen      total 179200K, used 3105K [0x00000000e0000000, 0x00000000ed880000, 0x0000000100000000)
  eden space 158720K, 1% used [0x00000000e0000000,0x00000000e0308748,0x00000000e9b00000)
  from space 20480K, 0% used [0x00000000eb100000,0x00000000eb100000,0x00000000ec500000)
  to   space 22528K, 0% used [0x00000000e9b00000,0x00000000e9b00000,0x00000000eb100000)
 ParOldGen       total 139264K, used 36600K [0x00000000a0000000, 0x00000000a8800000, 0x00000000e0000000)
  object space 139264K, 26% used [0x00000000a0000000,0x00000000a23be200,0x00000000a8800000)
 Metaspace       used 57640K, capacity 59124K, committed 59544K, reserved 1101824K
  class space    used 7478K, capacity 7817K, committed 7936K, reserved 1048576K

Card table byte_map: [0x00000000120b0000,0x00000000123c0000] byte_map_base: 0x0000000011bb0000

Marking Bits: (ParMarkBitMap*) 0x0000000051bc9d00
 Begin Bits: [0x00000000129c0000, 0x00000000141c0000)
 End Bits:   [0x00000000141c0000, 0x00000000159c0000)

Polling page: 0x00000000012d0000

CodeCache: size=245760Kb used=30194Kb max_used=30270Kb free=215565Kb
 bounds [0x0000000002cf0000, 0x0000000004ab0000, 0x0000000011cf0000]
 total_blobs=9311 nmethods=8584 adapters=640
 compilation: enabled

Compilation events (10 events):
Event: 40.967 Thread 0x0000000016661000 9859   !   2       java.util.jar.Attributes::read (410 bytes)
Event: 40.969 Thread 0x0000000016661000 nmethod 9859 0x0000000002fe8b90 code [0x0000000002fe8f20, 0x0000000002fea3c8]
Event: 40.971 Thread 0x0000000016661000 9856       1       com.google.common.collect.Maps$FilteredEntryMap$EntrySet$1$1::delegate (5 bytes)
Event: 40.971 Thread 0x0000000016661000 nmethod 9856 0x0000000002fe8890 code [0x0000000002fe89e0, 0x0000000002fe8af0]
Event: 40.973 Thread 0x0000000016661000 9855       2       com.google.common.collect.AbstractIterator::next (34 bytes)
Event: 40.973 Thread 0x0000000016661000 nmethod 9855 0x00000000033c5350 code [0x00000000033c54c0, 0x00000000033c5738]
Event: 40.976 Thread 0x0000000016661000 9860       2       org.gradle.internal.classloader.FilteringClassLoader::getPackage (22 bytes)
Event: 40.977 Thread 0x0000000016661000 nmethod 9860 0x00000000033c4f50 code [0x00000000033c50c0, 0x00000000033c5298]
Event: 40.984 Thread 0x000000001665e000 nmethod 9679 0x0000000004a80b10 code [0x0000000004a813a0, 0x0000000004a92340]
Event: 40.987 Thread 0x000000001665e000 9689       4       org.objectweb.asm.ClassReader::a (194 bytes)

GC Heap History (10 events):
Event: 24.442 GC heap before
{Heap before GC invocations=15 (full 2):
 PSYoungGen      total 118272K, used 117122K [0x00000000e0000000, 0x00000000e8000000, 0x0000000100000000)
  eden space 107520K, 100% used [0x00000000e0000000,0x00000000e6900000,0x00000000e6900000)
  from space 10752K, 89% used [0x00000000e7580000,0x00000000e7ee08f0,0x00000000e8000000)
  to   space 11776K, 0% used [0x00000000e6900000,0x00000000e6900000,0x00000000e7480000)
 ParOldGen       total 96256K, used 15550K [0x00000000a0000000, 0x00000000a5e00000, 0x00000000e0000000)
  object space 96256K, 16% used [0x00000000a0000000,0x00000000a0f2fb88,0x00000000a5e00000)
 Metaspace       used 49420K, capacity 50706K, committed 50944K, reserved 1093632K
  class space    used 6595K, capacity 6858K, committed 6912K, reserved 1048576K
Event: 24.472 GC heap after
Heap after GC invocations=15 (full 2):
 PSYoungGen      total 119296K, used 11759K [0x00000000e0000000, 0x00000000ea200000, 0x0000000100000000)
  eden space 107520K, 0% used [0x00000000e0000000,0x00000000e0000000,0x00000000e6900000)
  from space 11776K, 99% used [0x00000000e6900000,0x00000000e747be08,0x00000000e7480000)
  to   space 15872K, 0% used [0x00000000e9280000,0x00000000e9280000,0x00000000ea200000)
 ParOldGen       total 96256K, used 22145K [0x00000000a0000000, 0x00000000a5e00000, 0x00000000e0000000)
  object space 96256K, 23% used [0x00000000a0000000,0x00000000a15a0678,0x00000000a5e00000)
 Metaspace       used 49420K, capacity 50706K, committed 50944K, reserved 1093632K
  class space    used 6595K, capacity 6858K, committed 6912K, reserved 1048576K
}
Event: 31.453 GC heap before
{Heap before GC invocations=16 (full 2):
 PSYoungGen      total 119296K, used 119279K [0x00000000e0000000, 0x00000000ea200000, 0x0000000100000000)
  eden space 107520K, 100% used [0x00000000e0000000,0x00000000e6900000,0x00000000e6900000)
  from space 11776K, 99% used [0x00000000e6900000,0x00000000e747be08,0x00000000e7480000)
  to   space 15872K, 0% used [0x00000000e9280000,0x00000000e9280000,0x00000000ea200000)
 ParOldGen       total 96256K, used 22145K [0x00000000a0000000, 0x00000000a5e00000, 0x00000000e0000000)
  object space 96256K, 23% used [0x00000000a0000000,0x00000000a15a0678,0x00000000a5e00000)
 Metaspace       used 51106K, capacity 52440K, committed 52736K, reserved 1095680K
  class space    used 6786K, capacity 7067K, committed 7168K, reserved 1048576K
Event: 31.531 GC heap after
Heap after GC invocations=16 (full 2):
 PSYoungGen      total 148480K, used 14793K [0x00000000e0000000, 0x00000000ea380000, 0x0000000100000000)
  eden space 132608K, 0% used [0x00000000e0000000,0x00000000e0000000,0x00000000e8180000)
  from space 15872K, 93% used [0x00000000e9280000,0x00000000ea0f24d8,0x00000000ea200000)
  to   space 17408K, 0% used [0x00000000e8180000,0x00000000e8180000,0x00000000e9280000)
 ParOldGen       total 96256K, used 22153K [0x00000000a0000000, 0x00000000a5e00000, 0x00000000e0000000)
  object space 96256K, 23% used [0x00000000a0000000,0x00000000a15a2678,0x00000000a5e00000)
 Metaspace       used 51106K, capacity 52440K, committed 52736K, reserved 1095680K
  class space    used 6786K, capacity 7067K, committed 7168K, reserved 1048576K
}
Event: 39.243 GC heap before
{Heap before GC invocations=17 (full 2):
 PSYoungGen      total 148480K, used 147401K [0x00000000e0000000, 0x00000000ea380000, 0x0000000100000000)
  eden space 132608K, 100% used [0x00000000e0000000,0x00000000e8180000,0x00000000e8180000)
  from space 15872K, 93% used [0x00000000e9280000,0x00000000ea0f24d8,0x00000000ea200000)
  to   space 17408K, 0% used [0x00000000e8180000,0x00000000e8180000,0x00000000e9280000)
 ParOldGen       total 96256K, used 22153K [0x00000000a0000000, 0x00000000a5e00000, 0x00000000e0000000)
  object space 96256K, 23% used [0x00000000a0000000,0x00000000a15a2678,0x00000000a5e00000)
 Metaspace       used 57241K, capacity 58578K, committed 58752K, reserved 1099776K
  class space    used 7427K, capacity 7748K, committed 7808K, reserved 1048576K
Event: 39.291 GC heap after
Heap after GC invocations=17 (full 2):
 PSYoungGen      total 150016K, used 17402K [0x00000000e0000000, 0x00000000ec500000, 0x0000000100000000)
  eden space 132608K, 0% used [0x00000000e0000000,0x00000000e0000000,0x00000000e8180000)
  from space 17408K, 99% used [0x00000000e8180000,0x00000000e927e988,0x00000000e9280000)
  to   space 20480K, 0% used [0x00000000eb100000,0x00000000eb100000,0x00000000ec500000)
 ParOldGen       total 96256K, used 23692K [0x00000000a0000000, 0x00000000a5e00000, 0x00000000e0000000)
  object space 96256K, 24% used [0x00000000a0000000,0x00000000a1723010,0x00000000a5e00000)
 Metaspace       used 57241K, capacity 58578K, committed 58752K, reserved 1099776K
  class space    used 7427K, capacity 7748K, committed 7808K, reserved 1048576K
}
Event: 40.326 GC heap before
{Heap before GC invocations=18 (full 2):
 PSYoungGen      total 150016K, used 61540K [0x00000000e0000000, 0x00000000ec500000, 0x0000000100000000)
  eden space 132608K, 33% used [0x00000000e0000000,0x00000000e2b1a840,0x00000000e8180000)
  from space 17408K, 99% used [0x00000000e8180000,0x00000000e927e988,0x00000000e9280000)
  to   space 20480K, 0% used [0x00000000eb100000,0x00000000eb100000,0x00000000ec500000)
 ParOldGen       total 96256K, used 23692K [0x00000000a0000000, 0x00000000a5e00000, 0x00000000e0000000)
  object space 96256K, 24% used [0x00000000a0000000,0x00000000a1723010,0x00000000a5e00000)
 Metaspace       used 57482K, capacity 58970K, committed 59160K, reserved 1101824K
  class space    used 7454K, capacity 7786K, committed 7808K, reserved 1048576K
Event: 40.411 GC heap after
Heap after GC invocations=18 (full 2):
 PSYoungGen      total 179200K, used 18218K [0x00000000e0000000, 0x00000000ed880000, 0x0000000100000000)
  eden space 158720K, 0% used [0x00000000e0000000,0x00000000e0000000,0x00000000e9b00000)
  from space 20480K, 88% used [0x00000000eb100000,0x00000000ec2ca998,0x00000000ec500000)
  to   space 22528K, 0% used [0x00000000e9b00000,0x00000000e9b00000,0x00000000eb100000)
 ParOldGen       total 96256K, used 23700K [0x00000000a0000000, 0x00000000a5e00000, 0x00000000e0000000)
  object space 96256K, 24% used [0x00000000a0000000,0x00000000a1725010,0x00000000a5e00000)
 Metaspace       used 57482K, capacity 58970K, committed 59160K, reserved 1101824K
  class space    used 7454K, capacity 7786K, committed 7808K, reserved 1048576K
}
Event: 40.411 GC heap before
{Heap before GC invocations=19 (full 3):
 PSYoungGen      total 179200K, used 18218K [0x00000000e0000000, 0x00000000ed880000, 0x0000000100000000)
  eden space 158720K, 0% used [0x00000000e0000000,0x00000000e0000000,0x00000000e9b00000)
  from space 20480K, 88% used [0x00000000eb100000,0x00000000ec2ca998,0x00000000ec500000)
  to   space 22528K, 0% used [0x00000000e9b00000,0x00000000e9b00000,0x00000000eb100000)
 ParOldGen       total 96256K, used 23700K [0x00000000a0000000, 0x00000000a5e00000, 0x00000000e0000000)
  object space 96256K, 24% used [0x00000000a0000000,0x00000000a1725010,0x00000000a5e00000)
 Metaspace       used 57482K, capacity 58970K, committed 59160K, reserved 1101824K
  class space    used 7454K, capacity 7786K, committed 7808K, reserved 1048576K
Event: 40.939 GC heap after
Heap after GC invocations=19 (full 3):
 PSYoungGen      total 179200K, used 0K [0x00000000e0000000, 0x00000000ed880000, 0x0000000100000000)
  eden space 158720K, 0% used [0x00000000e0000000,0x00000000e0000000,0x00000000e9b00000)
  from space 20480K, 0% used [0x00000000eb100000,0x00000000eb100000,0x00000000ec500000)
  to   space 22528K, 0% used [0x00000000e9b00000,0x00000000e9b00000,0x00000000eb100000)
 ParOldGen       total 139264K, used 36600K [0x00000000a0000000, 0x00000000a8800000, 0x00000000e0000000)
  object space 139264K, 26% used [0x00000000a0000000,0x00000000a23be200,0x00000000a8800000)
 Metaspace       used 57480K, capacity 58964K, committed 59160K, reserved 1101824K
  class space    used 7453K, capacity 7785K, committed 7808K, reserved 1048576K
}

Deoptimization events (10 events):
Event: 37.908 Thread 0x0000000019c71800 Uncommon trap: reason=class_check action=maybe_recompile pc=0x000000000473ffc0 method=com.sun.tools.javac.jvm.Pool.makePoolValue(Ljava/lang/Object;)Ljava/lang/Object; @ 58
Event: 37.985 Thread 0x0000000019c71800 Uncommon trap: reason=unstable_if action=reinterpret pc=0x00000000045aa844 method=com.sun.tools.javac.code.Symbol$TypeSymbol.precedes(Lcom/sun/tools/javac/code/Symbol$TypeSymbol;Lcom/sun/tools/javac/code/Types;)Z @ 2
Event: 37.985 Thread 0x0000000019c71800 Uncommon trap: reason=bimorphic action=maybe_recompile pc=0x00000000047218fc method=com.sun.tools.javac.code.Types.capture(Lcom/sun/tools/javac/code/Type;)Lcom/sun/tools/javac/code/Type; @ 13
Event: 37.986 Thread 0x0000000019c71800 Uncommon trap: reason=bimorphic action=maybe_recompile pc=0x00000000047218fc method=com.sun.tools.javac.code.Types.capture(Lcom/sun/tools/javac/code/Type;)Lcom/sun/tools/javac/code/Type; @ 13
Event: 38.056 Thread 0x0000000019c71800 Uncommon trap: reason=bimorphic action=maybe_recompile pc=0x0000000004672bc0 method=com.sun.tools.javac.code.Types$SameTypeVisitor.visitClassType(Lcom/sun/tools/javac/code/Type$ClassType;Lcom/sun/tools/javac/code/Type;)Ljava/lang/Boolean; @ 95
Event: 38.149 Thread 0x0000000019c71800 Uncommon trap: reason=bimorphic action=maybe_recompile pc=0x00000000047218fc method=com.sun.tools.javac.code.Types.capture(Lcom/sun/tools/javac/code/Type;)Lcom/sun/tools/javac/code/Type; @ 13
Event: 38.149 Thread 0x0000000019c71800 Uncommon trap: reason=bimorphic action=maybe_recompile pc=0x00000000047218fc method=com.sun.tools.javac.code.Types.capture(Lcom/sun/tools/javac/code/Type;)Lcom/sun/tools/javac/code/Type; @ 13
Event: 39.106 Thread 0x0000000019c71800 Uncommon trap: reason=unstable_if action=reinterpret pc=0x000000000308a1cc method=org.gradle.internal.logging.text.AbstractLineChoppingStyledTextOutput.doAppend(Ljava/lang/String;)V @ 98
Event: 40.216 Thread 0x0000000019c71800 Uncommon trap: reason=unstable_if action=reinterpret pc=0x00000000049aa6dc method=java.lang.Class.getEnumConstantsShared()[Ljava/lang/Object; @ 4
Event: 40.948 Thread 0x0000000019c71800 Uncommon trap: reason=bimorphic action=maybe_recompile pc=0x0000000003120cc4 method=com.google.common.collect.TransformedIterator.next()Ljava/lang/Object; @ 10

Internal exceptions (10 events):
Event: 23.169 Thread 0x0000000019c71800 Exception <a 'java/lang/ClassNotFoundException': org/gradle/model/internal/core/ModelMapGroovyViewBeanInfo> (0x00000000e4b923d8) thrown at [C:\src\android\AOSP-openjdk\external\jetbrains\jdk\hotspot\src\share\vm\classfile\systemDictionary.cpp, line 210]
Event: 23.170 Thread 0x0000000019c71800 Exception <a 'java/lang/ClassNotFoundException': org/gradle/model/internal/core/ModelMapGroovyViewCustomizer> (0x00000000e4ba2788) thrown at [C:\src\android\AOSP-openjdk\external\jetbrains\jdk\hotspot\src\share\vm\classfile\systemDictionary.cpp, line 210]
Event: 23.173 Thread 0x0000000019c71800 Exception <a 'java/lang/ClassNotFoundException': org/gradle/model/internal/core/NodeBackedModelMapCustomizer> (0x00000000e4bc6120) thrown at [C:\src\android\AOSP-openjdk\external\jetbrains\jdk\hotspot\src\share\vm\classfile\systemDictionary.cpp, line 210]
Event: 23.176 Thread 0x0000000019c71800 Exception <a 'java/lang/ClassNotFoundException': org/gradle/platform/base/BinaryContainer_ImplCustomizer> (0x00000000e4c234f0) thrown at [C:\src\android\AOSP-openjdk\external\jetbrains\jdk\hotspot\src\share\vm\classfile\systemDictionary.cpp, line 210]
Event: 23.550 Thread 0x0000000019c71800 Exception <a 'java/lang/NoSuchMethodError': <clinit>> (0x00000000e522d030) thrown at [C:\src\android\AOSP-openjdk\external\jetbrains\jdk\hotspot\src\share\vm\prims\jni.cpp, line 1591]
Event: 23.552 Thread 0x0000000019c71800 Exception <a 'java/lang/NoSuchMethodError': <clinit>> (0x00000000e523a018) thrown at [C:\src\android\AOSP-openjdk\external\jetbrains\jdk\hotspot\src\share\vm\prims\jni.cpp, line 1591]
Event: 23.609 Thread 0x0000000019c71800 Exception <a 'java/lang/NoSuchMethodError': <clinit>> (0x00000000e5440910) thrown at [C:\src\android\AOSP-openjdk\external\jetbrains\jdk\hotspot\src\share\vm\prims\jni.cpp, line 1591]
Event: 23.612 Thread 0x0000000019c71800 Exception <a 'java/lang/NoSuchMethodError': <clinit>> (0x00000000e5459120) thrown at [C:\src\android\AOSP-openjdk\external\jetbrains\jdk\hotspot\src\share\vm\prims\jni.cpp, line 1591]
Event: 23.612 Thread 0x0000000019c71800 Exception <a 'java/lang/NoSuchMethodError': <clinit>> (0x00000000e545a638) thrown at [C:\src\android\AOSP-openjdk\external\jetbrains\jdk\hotspot\src\share\vm\prims\jni.cpp, line 1591]
Event: 37.219 Thread 0x0000000019c71800 Implicit null exception at 0x0000000004657037 to 0x0000000004657bdd

Events (10 events):
Event: 40.992 loading class com/android/builder/internal/packaging/zip/compress/ExecutorCompressor
Event: 40.992 loading class com/android/builder/internal/packaging/zip/compress/ExecutorCompressor done
Event: 40.993 loading class com/android/builder/internal/packaging/zip/AlignmentRule
Event: 40.993 loading class com/android/builder/internal/packaging/zip/AlignmentRule done
Event: 40.994 loading class com/android/builder/internal/packaging/zip/AlignmentRules
Event: 40.994 loading class com/android/builder/internal/packaging/zip/AlignmentRules done
Event: 40.994 loading class com/android/builder/internal/packaging/zip/AlignmentRule
Event: 40.995 loading class com/android/builder/internal/packaging/zip/AlignmentRule done
Event: 40.995 loading class com/android/builder/internal/packaging/zip/AlignmentRule
Event: 40.995 loading class com/android/builder/internal/packaging/zip/AlignmentRule done


Dynamic libraries:
0x00007ff73d780000 - 0x00007ff73d7b1000 	C:\Program Files\Android\Android Studio\jre\bin\java.exe
0x00007ffd89dd0000 - 0x00007ffd89f76000 	C:\Windows\SYSTEM32\ntdll.dll
0x00007ffd86f90000 - 0x00007ffd870ca000 	C:\Windows\system32\KERNEL32.DLL
0x00007ffd85f70000 - 0x00007ffd8607f000 	C:\Windows\system32\KERNELBASE.dll
0x00007ffd86af0000 - 0x00007ffd86b95000 	C:\Windows\system32\ADVAPI32.dll
0x00007ffd86e10000 - 0x00007ffd86f81000 	C:\Windows\system32\USER32.dll
0x00007ffd855d0000 - 0x00007ffd8582a000 	C:\Windows\WinSxS\amd64_microsoft.windows.common-controls_6595b64144ccf1df_6.0.9600.17031_none_6242a4b3ecbb55a1\COMCTL32.dll
0x00007ffd86360000 - 0x00007ffd86407000 	C:\Windows\system32\msvcrt.dll
0x00007ffd86d80000 - 0x00007ffd86dd7000 	C:\Windows\SYSTEM32\sechost.dll
0x00007ffd870d0000 - 0x00007ffd87207000 	C:\Windows\system32\RPCRT4.dll
0x00007ffd88990000 - 0x00007ffd88ad4000 	C:\Windows\system32\GDI32.dll
0x00007ffd872c0000 - 0x00007ffd872f4000 	C:\Windows\system32\IMM32.DLL
0x00007ffd866a0000 - 0x00007ffd867d9000 	C:\Windows\system32\MSCTF.dll
0x0000000051330000 - 0x0000000051402000 	C:\Program Files\Android\Android Studio\jre\jre\bin\msvcr100.dll
0x0000000051410000 - 0x0000000051c44000 	C:\Program Files\Android\Android Studio\jre\jre\bin\server\jvm.dll
0x00007ffd7c530000 - 0x00007ffd7c539000 	C:\Windows\SYSTEM32\WSOCK32.dll
0x00007ffd72a70000 - 0x00007ffd72a8f000 	C:\Windows\SYSTEM32\WINMM.dll
0x00007ffd84670000 - 0x00007ffd8467a000 	C:\Windows\SYSTEM32\VERSION.dll
0x00007ffd86690000 - 0x00007ffd86697000 	C:\Windows\system32\PSAPI.DLL
0x00007ffd86a90000 - 0x00007ffd86ae8000 	C:\Windows\system32\WS2_32.dll
0x00007ffd72a20000 - 0x00007ffd72a4a000 	C:\Windows\SYSTEM32\WINMMBASE.dll
0x00007ffd87370000 - 0x00007ffd87379000 	C:\Windows\system32\NSI.dll
0x00007ffd86080000 - 0x00007ffd860ca000 	C:\Windows\SYSTEM32\cfgmgr32.dll
0x00007ffd84290000 - 0x00007ffd842b6000 	C:\Windows\SYSTEM32\DEVOBJ.dll
0x00007ffd89720000 - 0x00007ffd8972f000 	C:\Program Files\Android\Android Studio\jre\jre\bin\verify.dll
0x00007ffd89680000 - 0x00007ffd896a9000 	C:\Program Files\Android\Android Studio\jre\jre\bin\java.dll
0x00007ffd88d70000 - 0x00007ffd88d86000 	C:\Program Files\Android\Android Studio\jre\jre\bin\zip.dll
0x00007ffd87380000 - 0x00007ffd8878f000 	C:\Windows\system32\SHELL32.dll
0x00007ffd86410000 - 0x00007ffd865e6000 	C:\Windows\SYSTEM32\combase.dll
0x00007ffd87310000 - 0x00007ffd87361000 	C:\Windows\system32\SHLWAPI.dll
0x00007ffd85410000 - 0x00007ffd854af000 	C:\Windows\SYSTEM32\SHCORE.dll
0x00007ffd85e50000 - 0x00007ffd85e64000 	C:\Windows\SYSTEM32\profapi.dll
0x00007ffd88c90000 - 0x00007ffd88caa000 	C:\Program Files\Android\Android Studio\jre\jre\bin\net.dll
0x00007ffd85270000 - 0x00007ffd852c8000 	C:\Windows\system32\mswsock.dll
0x00007ffd84b90000 - 0x00007ffd84ba1000 	C:\Program Files\Android\Android Studio\jre\jre\bin\nio.dll
0x00007ffd88f30000 - 0x00007ffd88f42000 	C:\Users\Apex\.gradle\native\19\windows-amd64\native-platform.dll
0x00007ffd852d0000 - 0x00007ffd852ee000 	C:\Windows\SYSTEM32\CRYPTSP.dll
0x00007ffd84f10000 - 0x00007ffd84f45000 	C:\Windows\system32\rsaenh.dll
0x00007ffd858a0000 - 0x00007ffd858c6000 	C:\Windows\SYSTEM32\bcrypt.dll
0x00007ffd85020000 - 0x00007ffd8503e000 	C:\Windows\SYSTEM32\USERENV.dll
0x00007ffd85c60000 - 0x00007ffd85cc0000 	C:\Windows\system32\bcryptprimitives.dll
0x00007ffd85dc0000 - 0x00007ffd85dca000 	C:\Windows\SYSTEM32\CRYPTBASE.dll
0x00007ffd81390000 - 0x00007ffd813b9000 	C:\Windows\SYSTEM32\IPHLPAPI.DLL
0x00007ffd81380000 - 0x00007ffd8138a000 	C:\Windows\SYSTEM32\WINNSI.DLL
0x00007ffd80f70000 - 0x00007ffd80f84000 	C:\Windows\SYSTEM32\dhcpcsvc6.DLL
0x00007ffd80f90000 - 0x00007ffd80fa9000 	C:\Windows\SYSTEM32\dhcpcsvc.DLL
0x00007ffd896f0000 - 0x00007ffd896fd000 	C:\Program Files\Android\Android Studio\jre\jre\bin\management.dll
0x00007ffd70d40000 - 0x00007ffd70ec8000 	C:\Windows\SYSTEM32\dbghelp.dll

VM Arguments:
jvm_args: -Xmx1536m -Dfile.encoding=windows-1252 -Duser.country=US -Duser.language=en -Duser.variant 
java_command: org.gradle.launcher.daemon.bootstrap.GradleDaemon 2.14.1
java_class_path (initial): C:\Users\Apex\.gradle\wrapper\dists\gradle-2.14.1-all\8bnwg5hd3w55iofp58khbp6yv\gradle-2.14.1\lib\gradle-launcher-2.14.1.jar
Launcher Type: SUN_STANDARD

Environment Variables:
JAVA_HOME=C:\Program Files\Java\jdk1.8.0_101\
PATH=C:\ProgramData\Oracle\Java\javapath;C:\Windows\system32;C:\Windows;C:\Windows\System32\Wbem;C:\Windows\System32\WindowsPowerShell\v1.0\;C:\Program Files\Java\jdk1.8.0_05\bin;C:\Program Files (x86)\Java\jdk1.7.0_04\bin;C:\xampp\php;C:\Program Files (x86)\Heroku\bin;C:\Program Files (x86)\git\cmd;C:\Program Files (x86)\Windows Kits\8.1\Windows Performance Toolkit\;c:\Program Files (x86)\Microsoft SQL Server\110\Tools\Binn\;c:\Program Files (x86)\Microsoft SQL Server\110\DTS\Binn\;c:\Program Files (x86)\Microsoft SQL Server\110\Tools\Binn\ManagementStudio\;C:\Python27;C:\Program Files\Java\jdk1.8.0_45\bin;C:\Program Files\Git\cmd;C:\ProgramData\ComposerSetup\bin;C:\Program Files\nodejs\;C:\Program Files (x86)\Skype\Phone\;C:\Users\Apex\AppData\Roaming\Composer\vendor\bin;C:\Users\Apex\AppData\Roaming\npm
USERNAME=Apex
OS=Windows_NT
PROCESSOR_IDENTIFIER=Intel64 Family 6 Model 37 Stepping 5, GenuineIntel



---------------  S Y S T E M  ---------------

OS: Windows 8.1 , 64 bit Build 9600 (6.3.9600.17056)

CPU:total 4 (2 cores per cpu, 2 threads per core) family 6 model 37 stepping 5, cmov, cx8, fxsr, mmx, sse, sse2, sse3, ssse3, sse4.1, sse4.2, popcnt, ht, tsc, tscinvbit

Memory: 4k page, physical 8181612k(951680k free), swap 16570220k(5402572k free)

vm_info: OpenJDK 64-Bit Server VM (25.76-b03) for windows-amd64 JRE (1.8.0_76-release-b03), built on Jun 29 2016 19:09:20 by "ralucas" with MS VC++ 10.0 (VS2010)

time: Mon Nov 28 19:11:12 2016
elapsed time: 41 seconds (0d 0h 0m 41s)

