#
# A fatal error has been detected by the Java Runtime Environment:
#
#  EXCEPTION_ACCESS_VIOLATION (0xc0000005) at pc=0x00000000518769f0, pid=7820, tid=0x0000000000002114
#
# JRE version: OpenJDK Runtime Environment (8.0_76-b03) (build 1.8.0_76-release-b03)
# Java VM: OpenJDK 64-Bit Server VM (25.76-b03 mixed mode windows-amd64 compressed oops)
# Problematic frame:
# V  [jvm.dll+0x4669f0]
#
# Failed to write core dump. Minidumps are not enabled by default on client versions of Windows
#
# If you would like to submit a bug report, please visit:
#   http://bugreport.java.com/bugreport/crash.jsp
#

---------------  T H R E A D  ---------------

Current thread (0x0000000015d4d800):  JavaThread "C2 CompilerThread1" daemon [_thread_in_native, id=8468, stack(0x00000000175c0000,0x00000000176c0000)]

siginfo: ExceptionCode=0xc0000005, reading address 0x0000002051bca418

Registers:
RAX=0x0000000000000000, RBX=0x0000000000000000, RCX=0x0000002051bca418, RDX=0x0000000000000000
RSP=0x00000000176bc510, RBP=0x0000000000000024, RSI=0x0000000000000120, RDI=0x00000000176bc560
R8 =0x0000000000000000, R9 =0x00000000000039ba, R10=0x0000000051410000, R11=0x00000000176bc430
R12=0x000000000003a5a0, R13=0x0000000000000856, R14=0x0000000051410000, R15=0x00000000000003d8
RIP=0x00000000518769f0, EFLAGS=0x0000000000010246

Top of Stack: (sp=0x00000000176bc510)
0x00000000176bc510:   00000000176becf0 000000001e21d4f0
0x00000000176bc520:   fffffffffffffff8 00000000023d2df0
0x00000000176bc530:   0000000000000001 00000000518722c5
0x00000000176bc540:   000000001e289330 0000000000000000
0x00000000176bc550:   00000000176bc640 0000000000000000
0x00000000176bc560:   0000000000000000 0000000000000008
0x00000000176bc570:   0000002051bca418 0000000000000000
0x00000000176bc580:   000000001da1f670 0000000000000041
0x00000000176bc590:   000000001e062610 00000000176bc930
0x00000000176bc5a0:   0000000015d9d928 0000000015d9d550
0x00000000176bc5b0:   00000000176bc6c0 000000005183ecca
0x00000000176bc5c0:   0000000000000000 0000000015d9d540
0x00000000176bc5d0:   00000000176bc930 0000000000000000
0x00000000176bc5e0:   0000000000000002 0000000015d9d540
0x00000000176bc5f0:   000000001d0c7f50 000000001d0cf220
0x00000000176bc600:   000000001d0cff38 0000000001367778 

Instructions: (pc=0x00000000518769f0)
0x00000000518769d0:   48 8b 4f 20 48 39 04 0e 0f 84 9d 00 00 00 48 8b
0x00000000518769e0:   0c 0e 33 d2 33 c0 48 89 4f 10 66 0f 1f 44 00 00
0x00000000518769f0:   83 3c 08 00 0f 85 36 01 00 00 ff c2 48 83 c0 04
0x0000000051876a00:   83 fa 08 72 eb 48 8b 47 30 48 89 44 24 30 48 85 


Register to memory mapping:

RAX=0x0000000000000000 is an unknown value
RBX=0x0000000000000000 is an unknown value
RCX=0x0000002051bca418 is an unknown value
RDX=0x0000000000000000 is an unknown value
RSP=0x00000000176bc510 is pointing into the stack for thread: 0x0000000015d4d800
RBP=0x0000000000000024 is an unknown value
RSI=0x0000000000000120 is an unknown value
RDI=0x00000000176bc560 is pointing into the stack for thread: 0x0000000015d4d800
R8 =0x0000000000000000 is an unknown value
R9 =0x00000000000039ba is an unknown value
R10=0x0000000051410000 is an unknown value
R11=0x00000000176bc430 is pointing into the stack for thread: 0x0000000015d4d800
R12=0x000000000003a5a0 is an unknown value
R13=0x0000000000000856 is an unknown value
R14=0x0000000051410000 is an unknown value
R15=0x00000000000003d8 is an unknown value


Stack: [0x00000000175c0000,0x00000000176c0000],  sp=0x00000000176bc510,  free space=1009k
Native frames: (J=compiled Java code, j=interpreted, Vv=VM code, C=native code)
V  [jvm.dll+0x4669f0]
V  [jvm.dll+0x4622c5]
V  [jvm.dll+0x42ecca]
V  [jvm.dll+0x43931b]
V  [jvm.dll+0x43badf]
V  [jvm.dll+0x41f212]
V  [jvm.dll+0x806e9]
V  [jvm.dll+0x8101f]
V  [jvm.dll+0x21bc14]
V  [jvm.dll+0x26b60a]
C  [msvcr100.dll+0x21d9f]
C  [msvcr100.dll+0x21e3b]
C  [KERNEL32.DLL+0x16ad]
C  [ntdll.dll+0x54409]


Current CompileTask:
C2:   7958 1516       4       java.net.URLClassLoader$1::run (5 bytes)


---------------  P R O C E S S  ---------------

Java Threads: ( => current thread )
  0x0000000019035000 JavaThread "Stdin handler" [_thread_blocked, id=8216, stack(0x000000001a670000,0x000000001a770000)]
  0x0000000018a32000 JavaThread "Asynchronous log dispatcher for org.gradle.launcher.daemon.server.DefaultDaemonConnection@2cafc954" [_thread_blocked, id=8172, stack(0x000000001a570000,0x000000001a670000)]
  0x0000000019030000 JavaThread "Daemon worker" [_thread_blocked, id=968, stack(0x000000001a470000,0x000000001a570000)]
  0x00000000194f6000 JavaThread "Cancel handler" [_thread_blocked, id=3236, stack(0x000000001a370000,0x000000001a470000)]
  0x0000000018ca1800 JavaThread "Handler for socket connection from /127.0.0.1:50877 to /127.0.0.1:50880" [_thread_in_native, id=7972, stack(0x000000001a270000,0x000000001a370000)]
  0x0000000018c9e800 JavaThread "Daemon" [_thread_blocked, id=6216, stack(0x000000001a170000,0x000000001a270000)]
  0x0000000018b9d000 JavaThread "pool-1-thread-1" [_thread_blocked, id=2948, stack(0x000000001a070000,0x000000001a170000)]
  0x0000000019198800 JavaThread "Incoming local TCP Connector on port 50877" [_thread_in_native, id=8792, stack(0x0000000019970000,0x0000000019a70000)]
  0x0000000015dad800 JavaThread "Service Thread" daemon [_thread_blocked, id=8700, stack(0x0000000017bc0000,0x0000000017cc0000)]
  0x0000000015d5d000 JavaThread "C1 CompilerThread2" daemon [_thread_blocked, id=7584, stack(0x00000000176c0000,0x00000000177c0000)]
=>0x0000000015d4d800 JavaThread "C2 CompilerThread1" daemon [_thread_in_native, id=8468, stack(0x00000000175c0000,0x00000000176c0000)]
  0x0000000015d4a800 JavaThread "C2 CompilerThread0" daemon [_thread_in_native, id=6040, stack(0x00000000174c0000,0x00000000175c0000)]
  0x0000000015d49000 JavaThread "Attach Listener" daemon [_thread_blocked, id=604, stack(0x00000000173c0000,0x00000000174c0000)]
  0x0000000015d48000 JavaThread "Signal Dispatcher" daemon [_thread_blocked, id=7876, stack(0x00000000172c0000,0x00000000173c0000)]
  0x0000000015d38800 JavaThread "Finalizer" daemon [_thread_blocked, id=6692, stack(0x0000000016fc0000,0x00000000170c0000)]
  0x00000000023cf000 JavaThread "Reference Handler" daemon [_thread_blocked, id=3512, stack(0x0000000016ec0000,0x0000000016fc0000)]
  0x00000000022e0800 JavaThread "main" [_thread_blocked, id=6876, stack(0x00000000021a0000,0x00000000022a0000)]

Other Threads:
  0x0000000015d14800 VMThread [stack: 0x0000000016dc0000,0x0000000016ec0000] [id=876]
  0x00000000177e6000 WatcherThread [stack: 0x0000000017cc0000,0x0000000017dc0000] [id=8212]

VM state:at safepoint (normal execution)

VM Mutex/Monitor currently owned by a thread:  ([mutex/lock_event])
[0x0000000000a2bf90] Threads_lock - owner thread: 0x0000000015d14800
[0x0000000000a2c890] Heap_lock - owner thread: 0x0000000019030000

Heap:
 PSYoungGen      total 70656K, used 5088K [0x00000000e0000000, 0x00000000e4a00000, 0x0000000100000000)
  eden space 65536K, 0% used [0x00000000e0000000,0x00000000e0000000,0x00000000e4000000)
  from space 5120K, 99% used [0x00000000e4500000,0x00000000e49f8020,0x00000000e4a00000)
  to   space 5120K, 0% used [0x00000000e4000000,0x00000000e4000000,0x00000000e4500000)
 ParOldGen       total 86016K, used 7808K [0x00000000a0000000, 0x00000000a5400000, 0x00000000e0000000)
  object space 86016K, 9% used [0x00000000a0000000,0x00000000a07a03f0,0x00000000a5400000)
 Metaspace       used 20794K, capacity 21132K, committed 21296K, reserved 1067008K
  class space    used 2728K, capacity 2853K, committed 2944K, reserved 1048576K

Card table byte_map: [0x00000000117a0000,0x0000000011ab0000] byte_map_base: 0x00000000112a0000

Marking Bits: (ParMarkBitMap*) 0x0000000051bc9d00
 Begin Bits: [0x00000000120b0000, 0x00000000138b0000)
 End Bits:   [0x00000000138b0000, 0x00000000150b0000)

Polling page: 0x00000000009d0000

CodeCache: size=245760Kb used=6984Kb max_used=6984Kb free=238775Kb
 bounds [0x00000000023e0000, 0x0000000002ac0000, 0x00000000113e0000]
 total_blobs=2406 nmethods=1790 adapters=530
 compilation: enabled

Compilation events (10 events):
Event: 7.869 Thread 0x0000000015d5d000 nmethod 1803 0x0000000002ab2290 code [0x0000000002ab23e0, 0x0000000002ab2590]
Event: 7.869 Thread 0x0000000015d5d000 1804       2       sun.reflect.generics.repository.MethodRepository::getReturnType (41 bytes)
Event: 7.870 Thread 0x0000000015d5d000 nmethod 1804 0x0000000002ab2650 code [0x0000000002ab27c0, 0x0000000002ab2a48]
Event: 7.879 Thread 0x0000000015d5d000 1806   !   2       java.util.concurrent.LinkedBlockingDeque::pollFirst (84 bytes)
Event: 7.880 Thread 0x0000000015d5d000 nmethod 1806 0x0000000002ab2b90 code [0x0000000002ab2d80, 0x0000000002ab3278]
Event: 7.880 Thread 0x0000000015d5d000 1805       2       java.util.concurrent.LinkedBlockingDeque::poll (7 bytes)
Event: 7.880 Thread 0x0000000015d5d000 nmethod 1805 0x0000000002ab38d0 code [0x0000000002ab3a40, 0x0000000002ab3ba8]
Event: 7.895 Thread 0x0000000015d5d000 1807       2       org.gradle.internal.logging.slf4j.OutputEventListenerBackedLogger::isDebugEnabled (8 bytes)
Event: 7.896 Thread 0x0000000015d5d000 nmethod 1807 0x0000000002ab3c50 code [0x0000000002ab3dc0, 0x0000000002ab3f88]
Event: 7.906 Thread 0x0000000015d5d000 1808       2       java.util.HashMap::put (13 bytes)

GC Heap History (6 events):
Event: 2.518 GC heap before
{Heap before GC invocations=1 (full 0):
 PSYoungGen      total 37888K, used 32768K [0x00000000e0000000, 0x00000000e2a00000, 0x0000000100000000)
  eden space 32768K, 100% used [0x00000000e0000000,0x00000000e2000000,0x00000000e2000000)
  from space 5120K, 0% used [0x00000000e2500000,0x00000000e2500000,0x00000000e2a00000)
  to   space 5120K, 0% used [0x00000000e2000000,0x00000000e2000000,0x00000000e2500000)
 ParOldGen       total 86016K, used 0K [0x00000000a0000000, 0x00000000a5400000, 0x00000000e0000000)
  object space 86016K, 0% used [0x00000000a0000000,0x00000000a0000000,0x00000000a5400000)
 Metaspace       used 5773K, capacity 6288K, committed 6528K, reserved 1056768K
  class space    used 729K, capacity 800K, committed 896K, reserved 1048576K
Event: 2.535 GC heap after
Heap after GC invocations=1 (full 0):
 PSYoungGen      total 37888K, used 4021K [0x00000000e0000000, 0x00000000e2a00000, 0x0000000100000000)
  eden space 32768K, 0% used [0x00000000e0000000,0x00000000e0000000,0x00000000e2000000)
  from space 5120K, 78% used [0x00000000e2000000,0x00000000e23ed738,0x00000000e2500000)
  to   space 5120K, 0% used [0x00000000e2500000,0x00000000e2500000,0x00000000e2a00000)
 ParOldGen       total 86016K, used 8K [0x00000000a0000000, 0x00000000a5400000, 0x00000000e0000000)
  object space 86016K, 0% used [0x00000000a0000000,0x00000000a0002000,0x00000000a5400000)
 Metaspace       used 5773K, capacity 6288K, committed 6528K, reserved 1056768K
  class space    used 729K, capacity 800K, committed 896K, reserved 1048576K
}
Event: 5.197 GC heap before
{Heap before GC invocations=2 (full 0):
 PSYoungGen      total 37888K, used 36789K [0x00000000e0000000, 0x00000000e2a00000, 0x0000000100000000)
  eden space 32768K, 100% used [0x00000000e0000000,0x00000000e2000000,0x00000000e2000000)
  from space 5120K, 78% used [0x00000000e2000000,0x00000000e23ed738,0x00000000e2500000)
  to   space 5120K, 0% used [0x00000000e2500000,0x00000000e2500000,0x00000000e2a00000)
 ParOldGen       total 86016K, used 8K [0x00000000a0000000, 0x00000000a5400000, 0x00000000e0000000)
  object space 86016K, 0% used [0x00000000a0000000,0x00000000a0002000,0x00000000a5400000)
 Metaspace       used 12193K, capacity 12612K, committed 12800K, reserved 1060864K
  class space    used 1625K, capacity 1750K, committed 1792K, reserved 1048576K
Event: 5.214 GC heap after
Heap after GC invocations=2 (full 0):
 PSYoungGen      total 37888K, used 5114K [0x00000000e0000000, 0x00000000e2a00000, 0x0000000100000000)
  eden space 32768K, 0% used [0x00000000e0000000,0x00000000e0000000,0x00000000e2000000)
  from space 5120K, 99% used [0x00000000e2500000,0x00000000e29fe960,0x00000000e2a00000)
  to   space 5120K, 0% used [0x00000000e2000000,0x00000000e2000000,0x00000000e2500000)
 ParOldGen       total 86016K, used 488K [0x00000000a0000000, 0x00000000a5400000, 0x00000000e0000000)
  object space 86016K, 0% used [0x00000000a0000000,0x00000000a007a1a0,0x00000000a5400000)
 Metaspace       used 12193K, capacity 12612K, committed 12800K, reserved 1060864K
  class space    used 1625K, capacity 1750K, committed 1792K, reserved 1048576K
}
Event: 6.816 GC heap before
{Heap before GC invocations=3 (full 0):
 PSYoungGen      total 37888K, used 37882K [0x00000000e0000000, 0x00000000e2a00000, 0x0000000100000000)
  eden space 32768K, 100% used [0x00000000e0000000,0x00000000e2000000,0x00000000e2000000)
  from space 5120K, 99% used [0x00000000e2500000,0x00000000e29fe960,0x00000000e2a00000)
  to   space 5120K, 0% used [0x00000000e2000000,0x00000000e2000000,0x00000000e2500000)
 ParOldGen       total 86016K, used 488K [0x00000000a0000000, 0x00000000a5400000, 0x00000000e0000000)
  object space 86016K, 0% used [0x00000000a0000000,0x00000000a007a1a0,0x00000000a5400000)
 Metaspace       used 18264K, capacity 18620K, committed 18688K, reserved 1064960K
  class space    used 2435K, capacity 2554K, committed 2560K, reserved 1048576K
Event: 6.846 GC heap after
Heap after GC invocations=3 (full 0):
 PSYoungGen      total 37888K, used 5104K [0x00000000e0000000, 0x00000000e4a00000, 0x0000000100000000)
  eden space 32768K, 0% used [0x00000000e0000000,0x00000000e0000000,0x00000000e2000000)
  from space 5120K, 99% used [0x00000000e2000000,0x00000000e24fc010,0x00000000e2500000)
  to   space 5120K, 0% used [0x00000000e4500000,0x00000000e4500000,0x00000000e4a00000)
 ParOldGen       total 86016K, used 4703K [0x00000000a0000000, 0x00000000a5400000, 0x00000000e0000000)
  object space 86016K, 5% used [0x00000000a0000000,0x00000000a0497cb8,0x00000000a5400000)
 Metaspace       used 18264K, capacity 18620K, committed 18688K, reserved 1064960K
  class space    used 2435K, capacity 2554K, committed 2560K, reserved 1048576K
}

Deoptimization events (10 events):
Event: 7.000 Thread 0x0000000019030000 Uncommon trap: reason=class_check action=maybe_recompile pc=0x0000000002786984 method=sun.misc.URLClassPath.getLoader(I)Lsun/misc/URLClassPath$Loader; @ 193
Event: 7.000 Thread 0x0000000019030000 Uncommon trap: reason=unstable_if action=reinterpret pc=0x00000000026f14e4 method=sun.net.www.ParseUtil.encodePath(Ljava/lang/String;Z)Ljava/lang/String; @ 109
Event: 7.067 Thread 0x0000000019030000 Uncommon trap: reason=class_check action=maybe_recompile pc=0x0000000002786984 method=sun.misc.URLClassPath.getLoader(I)Lsun/misc/URLClassPath$Loader; @ 193
Event: 7.455 Thread 0x0000000019030000 Uncommon trap: reason=class_check action=maybe_recompile pc=0x00000000027845e4 method=sun.misc.URLClassPath.getLoader(I)Lsun/misc/URLClassPath$Loader; @ 94
Event: 7.646 Thread 0x0000000019030000 Uncommon trap: reason=unstable_if action=reinterpret pc=0x000000000282d520 method=java.util.HashMap.hash(Ljava/lang/Object;)I @ 1
Event: 7.825 Thread 0x0000000019030000 Uncommon trap: reason=unstable_if action=reinterpret pc=0x000000000260daf8 method=java.util.HashMap.getNode(ILjava/lang/Object;)Ljava/util/HashMap$Node; @ 53
Event: 7.825 Thread 0x0000000019030000 Uncommon trap: reason=unstable_if action=reinterpret pc=0x000000000281eef8 method=java.util.HashMap.hash(Ljava/lang/Object;)I @ 1
Event: 7.826 Thread 0x0000000019030000 Uncommon trap: reason=unstable_if action=reinterpret pc=0x00000000028234d8 method=java.util.HashMap.putVal(ILjava/lang/Object;Ljava/lang/Object;ZZ)Ljava/lang/Object; @ 85
Event: 7.870 Thread 0x0000000019030000 Uncommon trap: reason=class_check action=maybe_recompile pc=0x000000000287f780 method=java.lang.reflect.Method.equals(Ljava/lang/Object;)Z @ 5
Event: 7.875 Thread 0x0000000019030000 Uncommon trap: reason=class_check action=maybe_recompile pc=0x000000000287f780 method=java.lang.reflect.Method.equals(Ljava/lang/Object;)Z @ 5

Internal exceptions (10 events):
Event: 7.476 Thread 0x0000000019030000 Exception <a 'java/lang/ClassNotFoundException': org/gradle/initialization/SettingsScriptCustomizer> (0x00000000e0b52588) thrown at [C:\src\android\AOSP-openjdk\external\jetbrains\jdk\hotspot\src\share\vm\classfile\systemDictionary.cpp, line 210]
Event: 7.478 Thread 0x0000000019030000 Exception <a 'java/lang/ClassNotFoundException': settings_dhqdg0z33jd0ozemiqjd8wigqCustomizer> (0x00000000e0b63328) thrown at [C:\src\android\AOSP-openjdk\external\jetbrains\jdk\hotspot\src\share\vm\classfile\systemDictionary.cpp, line 210]
Event: 7.494 Thread 0x0000000019030000 Exception <a 'java/lang/ClassNotFoundException': org/gradle/initialization/DefaultSettings_DecoratedBeanInfo> (0x00000000e0bccc00) thrown at [C:\src\android\AOSP-openjdk\external\jetbrains\jdk\hotspot\src\share\vm\classfile\systemDictionary.cpp, line 210]
Event: 7.495 Thread 0x0000000019030000 Exception <a 'java/lang/ClassNotFoundException': org/gradle/initialization/DefaultSettingsBeanInfo> (0x00000000e0be8f60) thrown at [C:\src\android\AOSP-openjdk\external\jetbrains\jdk\hotspot\src\share\vm\classfile\systemDictionary.cpp, line 210]
Event: 7.496 Thread 0x0000000019030000 Exception <a 'java/lang/ClassNotFoundException': org/gradle/initialization/BaseSettingsBeanInfo> (0x00000000e0c04358) thrown at [C:\src\android\AOSP-openjdk\external\jetbrains\jdk\hotspot\src\share\vm\classfile\systemDictionary.cpp, line 210]
Event: 7.497 Thread 0x0000000019030000 Exception <a 'java/lang/ClassNotFoundException': org/gradle/initialization/BaseSettingsCustomizer> (0x00000000e0c20678) thrown at [C:\src\android\AOSP-openjdk\external\jetbrains\jdk\hotspot\src\share\vm\classfile\systemDictionary.cpp, line 210]
Event: 7.501 Thread 0x0000000019030000 Exception <a 'java/lang/ClassNotFoundException': org/gradle/initialization/DefaultSettingsCustomizer> (0x00000000e0c630b0) thrown at [C:\src\android\AOSP-openjdk\external\jetbrains\jdk\hotspot\src\share\vm\classfile\systemDictionary.cpp, line 210]
Event: 7.505 Thread 0x0000000019030000 Exception <a 'java/lang/ClassNotFoundException': org/gradle/initialization/DefaultSettings_DecoratedCustomizer> (0x00000000e0c89878) thrown at [C:\src\android\AOSP-openjdk\external\jetbrains\jdk\hotspot\src\share\vm\classfile\systemDictionary.cpp, line 210¤¾›Ä•@
Event: 7.646 Thread 0x0000000019030000 Implicit null exception at 0x000000000282d315 to 0x000000000282d511
Event: 7.825 Thread 0x0000000019030000 Implicit null exception at 0x000000000281ea9b to 0x000000000281eedd

Events (10 events):
Event: 7.899 loading class org/gradle/api/internal/DefaultNamedDomainObjectCollection$Index
Event: 7.899 loading class org/gradle/api/internal/DefaultNamedDomainObjectCollection$Index done
Event: 7.900 loading class org/gradle/api/UnknownTaskException
Event: 7.900 loading class org/gradle/api/UnknownTaskException done
Event: 7.902 loading class org/gradle/internal/graph/DirectedGraph
Event: 7.902 loading class org/gradle/internal/graph/DirectedGraph done
Event: 7.903 loading class org/gradle/internal/metaobject/ConfigureDelegate
Event: 7.903 loading class org/gradle/internal/metaobject/ConfigureDelegate done
Event: 7.904 loading class org/gradle/api/internal/NamedDomainObjectContainerConfigureDelegate
Event: 7.904 loading class org/gradle/api/internal/NamedDomainObjectContainerConfigureDelegate done


Dynamic libraries:
0x00007ff73d780000 - 0x00007ff73d7b1000 	C:\Program Files\Android\Android Studio\jre\bin\java.exe
0x00007ffd89dd0000 - 0x00007ffd89f76000 	C:\Windows\SYSTEM32\ntdll.dll
0x00007ffd86f90000 - 0x00007ffd870ca000 	C:\Windows\system32\KERNEL32.DLL
0x00007ffd85f70000 - 0x00007ffd8607f000 	C:\Windows\system32\KERNELBASE.dll
0x00007ffd86af0000 - 0x00007ffd86b95000 	C:\Windows\system32\ADVAPI32.dll
0x00007ffd86e10000 - 0x00007ffd86f81000 	C:\Windows\system32\USER32.dll
0x00007ffd855d0000 - 0x00007ffd8582a000 	C:\Windows\WinSxS\amd64_microsoft.windows.common-controls_6595b64144ccf1df_6.0.9600.17031_none_6242a4b3ecbb55a1\COMCTL32.dll
0x00007ffd86360000 - 0x00007ffd86407000 	C:\Windows\system32\msvcrt.dll
0x00007ffd86d80000 - 0x00007ffd86dd7000 	C:\Windows\SYSTEM32\sechost.dll
0x00007ffd870d0000 - 0x00007ffd87207000 	C:\Windows\system32\RPCRT4.dll
0x00007ffd88990000 - 0x00007ffd88ad4000 	C:\Windows\system32\GDI32.dll
0x00007ffd872c0000 - 0x00007ffd872f4000 	C:\Windows\system32\IMM32.DLL
0x00007ffd866a0000 - 0x00007ffd867d9000 	C:\Windows\system32\MSCTF.dll
0x0000000051330000 - 0x0000000051402000 	C:\Program Files\Android\Android Studio\jre\jre\bin\msvcr100.dll
0x0000000051410000 - 0x0000000051c44000 	C:\Program Files\Android\Android Studio\jre\jre\bin\server\jvm.dll
0x00007ffd7c530000 - 0x00007ffd7c539000 	C:\Windows\SYSTEM32\WSOCK32.dll
0x00007ffd72a70000 - 0x00007ffd72a8f000 	C:\Windows\SYSTEM32\WINMM.dll
0x00007ffd84670000 - 0x00007ffd8467a000 	C:\Windows\SYSTEM32\VERSION.dll
0x00007ffd86690000 - 0x00007ffd86697000 	C:\Windows\system32\PSAPI.DLL
0x00007ffd86a90000 - 0x00007ffd86ae8000 	C:\Windows\system32\WS2_32.dll
0x00007ffd72a20000 - 0x00007ffd72a4a000 	C:\Windows\SYSTEM32\WINMMBASE.dll
0x00007ffd87370000 - 0x00007ffd87379000 	C:\Windows\system32\NSI.dll
0x00007ffd86080000 - 0x00007ffd860ca000 	C:\Windows\SYSTEM32\cfgmgr32.dll
0x00007ffd84290000 - 0x00007ffd842b6000 	C:\Windows\SYSTEM32\DEVOBJ.dll
0x00007ffd89720000 - 0x00007ffd8972f000 	C:\Program Files\Android\Android Studio\jre\jre\bin\verify.dll
0x00007ffd89680000 - 0x00007ffd896a9000 	C:\Program Files\Android\Android Studio\jre\jre\bin\java.dll
0x00007ffd88d70000 - 0x00007ffd88d86000 	C:\Program Files\Android\Android Studio\jre\jre\bin\zip.dll
0x00007ffd87380000 - 0x00007ffd8878f000 	C:\Windows\system32\SHELL32.dll
0x00007ffd86410000 - 0x00007ffd865e6000 	C:\Windows\SYSTEM32\combase.dll
0x00007ffd87310000 - 0x00007ffd87361000 	C:\Windows\system32\SHLWAPI.dll
0x00007ffd85410000 - 0x00007ffd854af000 	C:\Windows\SYSTEM32\SHCORE.dll
0x00007ffd85e50000 - 0x00007ffd85e64000 	C:\Windows\SYSTEM32\profapi.dll
0x00007ffd88c90000 - 0x00007ffd88caa000 	C:\Program Files\Android\Android Studio\jre\jre\bin\net.dll
0x00007ffd85270000 - 0x00007ffd852c8000 	C:\Windows\system32\mswsock.dll
0x00007ffd84b90000 - 0x00007ffd84ba1000 	C:\Program Files\Android\Android Studio\jre\jre\bin\nio.dll
0x00007ffd88f30000 - 0x00007ffd88f42000 	C:\Users\Apex\.gradle\native\19\windows-amd64\native-platform.dll
0x00007ffd852d0000 - 0x00007ffd852ee000 	C:\Windows\SYSTEM32\CRYPTSP.dll
0x00007ffd84f10000 - 0x00007ffd84f45000 	C:\Windows\system32\rsaenh.dll
0x00007ffd858a0000 - 0x00007ffd858c6000 	C:\Windows\SYSTEM32\bcrypt.dll
0x00007ffd85020000 - 0x00007ffd8503e000 	C:\Windows\SYSTEM32\USERENV.dll
0x00007ffd85c60000 - 0x00007ffd85cc0000 	C:\Windows\system32\bcryptprimitives.dll
0x00007ffd85dc0000 - 0x00007ffd85dca000 	C:\Windows\SYSTEM32\CRYPTBASE.dll
0x00007ffd81390000 - 0x00007ffd813b9000 	C:\Windows\SYSTEM32\IPHLPAPI.DLL
0x00007ffd81380000 - 0x00007ffd8138a000 	C:\Windows\SYSTEM32\WINNSI.DLL
0x00007ffd80f70000 - 0x00007ffd80f84000 	C:\Windows\SYSTEM32\dhcpcsvc6.DLL
0x00007ffd80f90000 - 0x00007ffd80fa9000 	C:\Windows\SYSTEM32\dhcpcsvc.DLL
0x00007ffd896f0000 - 0x00007ffd896fd000 	C:\Program Files\Android\Android Studio\jre\jre\bin\management.dll
0x00007ffd70d40000 - 0x00007ffd70ec8000 	C:\Windows\SYSTEM32\dbghelp.dll

VM Arguments:
jvm_args: -Xmx1536m -Dfile.encoding=windows-1252 -Duser.country=US -Duser.language=en -Duser.variant 
java_command: org.gradle.launcher.daemon.bootstrap.GradleDaemon 2.14.1
java_class_path (initial): C:\Users\Apex\.gradle\wrapper\dists\gradle-2.14.1-all\8bnwg5hd3w55iofp58khbp6yv\gradle-2.14.1\lib\gradle-launcher-2.14.1.jar
Launcher Type: SUN_STANDARD

Environment Variables:
JAVA_HOME=C:\Program Files\Java\jdk1.8.0_101\
PATH=C:\ProgramData\Oracle\Java\javapath;C:\Windows\system32;C:\Windows;C:\Windows\System32\Wbem;C:\Windows\System32\WindowsPowerShell\v1.0\;C:\Program Files\Java\jdk1.8.0_05\bin;C:\Program Files (x86)\Java\jdk1.7.0_04\bin;C:\xampp\php;C:\Program Files (x86)\Heroku\bin;C:\Program Files (x86)\git\cmd;C:\Program Files (x86)\Windows Kits\8.1\Windows Performance Toolkit\;c:\Program Files (x86)\Microsoft SQL Server\110\Tools\Binn\;c:\Program Files (x86)\Microsoft SQL Server\110\DTS\Binn\;c:\Program Files (x86)\Microsoft SQL Server\110\Tools\Binn\ManagementStudio\;C:\Python27;C:\Program Files\Java\jdk1.8.0_45\bin;C:\Program Files\Git\cmd;C:\ProgramData\ComposerSetup\bin;C:\Program Files\nodejs\;C:\Program Files (x86)\Skype\Phone\;C:\Users\Apex\AppData\Roaming\Composer\vendor\bin;C:\Users\Apex\AppData\Roaming\npm
USERNAME=Apex
OS=Windows_NT
PROCESSOR_IDENTIFIER=Intel64 Family 6 Model 37 Stepping 5, GenuineIntel



---------------  S Y S T E M  ---------------

OS: Windows 8.1 , 64 bit Build 9600 (6.3.9600.17056)

CPU:total 4 (2 cores per cpu, 2 threads per core) family 6 model 37 stepping 5, cmov, cx8, fxsr, mmx, sse, sse2, sse3, ssse3, sse4.1, sse4.2, popcnt, ht, tsc, tscinvbit

Memory: 4k page, physical 8181612k(1187804k free), swap 16570220k(5684240k free)

vm_info: OpenJDK 64-Bit Server VM (25.76-b03) for windows-amd64 JRE (1.8.0_76-release-b03), built on Jun 29 2016 19:09:20 by "ralucas" with MS VC++ 10.0 (VS2010)

time: Mon Nov 28 19:12:27 2016
elapsed time: 7 seconds (0d 0h 0m 7s)

