#
# A fatal error has been detected by the Java Runtime Environment:
#
#  EXCEPTION_ACCESS_VIOLATION (0xc0000005) at pc=0x00000000518e1afd, pid=9140, tid=0x0000000000001f28
#
# JRE version: OpenJDK Runtime Environment (8.0_76-b03) (build 1.8.0_76-release-b03)
# Java VM: OpenJDK 64-Bit Server VM (25.76-b03 mixed mode windows-amd64 compressed oops)
# Problematic frame:
# V  [jvm.dll+0x4d1afd]
#
# Failed to write core dump. Minidumps are not enabled by default on client versions of Windows
#
# If you would like to submit a bug report, please visit:
#   http://bugreport.java.com/bugreport/crash.jsp
#

---------------  T H R E A D  ---------------

Current thread (0x0000000016271000):  JavaThread "C2 CompilerThread1" daemon [_thread_in_native, id=7976, stack(0x0000000017ad0000,0x0000000017bd0000)]

siginfo: ExceptionCode=0xc0000005, reading address 0x0000002016286fd0

Registers:
RAX=0x000000001ba63d50, RBX=0x0000000000002748, RCX=0x0000002016286fd0, RDX=0x0000000017bcee80
RSP=0x0000000017bcbe70, RBP=0x0000000017bcbee9, RSI=0x0000000017bccae0, RDI=0x0000000000013a40
R8 =0x0000000051a40b68, R9 =0x0000000000000000, R10=0x0000000019a86098, R11=0x000000001bb678e0
R12=0x0000000016286fd0, R13=0x0000000000000009, R14=0x0000000000002557, R15=0x000000001bbc54c8
RIP=0x00000000518e1afd, EFLAGS=0x0000000000010202

Top of Stack: (sp=0x0000000017bcbe70)
0x0000000017bcbe70:   0000000000002718 0000000017bccae0
0x0000000017bcbe80:   0000000017e2c530 000000007fffffff
0x0000000017bcbe90:   0000000017bccae0 00000000518473e6
0x0000000017bcbea0:   0000000017bcbee9 0000000019bb4ad8
0x0000000017bcbeb0:   000000001bbbd4e0 000000001b4536a8
0x0000000017bcbec0:   00000000028d4ab0 0000000000004000
0x0000000017bcbed0:   000000001b4e31c0 0000000000002557
0x0000000017bcbee0:   0000000051a3f3f8 00000000028d4ab0
0x0000000017bcbef0:   0000000000000400 000000001bbbfe80
0x0000000017bcbf00:   0000000000000000 00000000518e280a
0x0000000017bcbf10:   000000001bbc54c8 000000001bbbf760
0x0000000017bcbf20:   0000000000058220 000000001bbbd4e0
0x0000000017bcbf30:   00000000028d4ab0 0000000017bcec20
0x0000000017bcbf40:   0000000017bcc050 000000005184a13f
0x0000000017bcbf50:   0000000000058220 0000000017bccae0
0x0000000017bcbf60:   0000000000000009 000000001bbbd4e0 

Instructions: (pc=0x00000000518e1afd)
0x00000000518e1add:   30 4c 89 64 24 40 8b fb 66 66 66 0f 1f 84 00 00
0x00000000518e1aed:   00 00 00 48 8b 46 50 48 8b 0c 07 48 85 c9 74 21
0x00000000518e1afd:   48 8b 01 ff 50 68 4c 8b e0 3b 5e 48 72 0b 48 8d
0x00000000518e1b0d:   4e 40 8b d3 e8 4a e8 ff ff 48 8b 4e 50 4c 89 24 


Register to memory mapping:

RAX=0x000000001ba63d50 is an unknown value
RBX=0x0000000000002748 is an unknown value
RCX=0x0000002016286fd0 is an unknown value
RDX=0x0000000017bcee80 is pointing into the stack for thread: 0x0000000016271000
RSP=0x0000000017bcbe70 is pointing into the stack for thread: 0x0000000016271000
RBP=0x0000000017bcbee9 is pointing into the stack for thread: 0x0000000016271000
RSI=0x0000000017bccae0 is pointing into the stack for thread: 0x0000000016271000
RDI=0x0000000000013a40 is an unknown value
R8 =0x0000000051a40b68 is an unknown value
R9 =0x0000000000000000 is an unknown value
R10=0x0000000019a86098 is an unknown value
R11=0x000000001bb678e0 is an unknown value
R12=0x0000000016286fd0 is an unknown value
R13=0x0000000000000009 is an unknown value
R14=0x0000000000002557 is an unknown value
R15=0x000000001bbc54c8 is an unknown value


Stack: [0x0000000017ad0000,0x0000000017bd0000],  sp=0x0000000017bcbe70,  free space=1007k
Native frames: (J=compiled Java code, j=interpreted, Vv=VM code, C=native code)
V  [jvm.dll+0x4d1afd]
V  [jvm.dll+0x4373e6]
V  [jvm.dll+0x43a13f]
V  [jvm.dll+0x43ba43]
V  [jvm.dll+0x41f212]
V  [jvm.dll+0x806e9]
V  [jvm.dll+0x8101f]
V  [jvm.dll+0x21bc14]
V  [jvm.dll+0x26b60a]
C  [msvcr100.dll+0x21d9f]
C  [msvcr100.dll+0x21e3b]
C  [KERNEL32.DLL+0x16ad]
C  [ntdll.dll+0x54409]


Current CompileTask:
C2:   7400 1575   !   4       java.net.URLClassLoader$1::run (63 bytes)


---------------  P R O C E S S  ---------------

Java Threads: ( => current thread )
  0x000000001909f800 JavaThread "Stdin handler" [_thread_blocked, id=8532, stack(0x000000001ab70000,0x000000001ac70000)]
  0x000000001909e800 JavaThread "Asynchronous log dispatcher for org.gradle.launcher.daemon.server.DefaultDaemonConnection@79deb66a" [_thread_blocked, id=7636, stack(0x000000001aa70000,0x000000001ab70000)]
  0x00000000192cc000 JavaThread "Daemon worker" [_thread_in_vm, id=8004, stack(0x000000001a970000,0x000000001aa70000)]
  0x0000000018418800 JavaThread "Cancel handler" [_thread_blocked, id=3364, stack(0x000000001a870000,0x000000001a970000)]
  0x0000000019241800 JavaThread "Handler for socket connection from /127.0.0.1:54326 to /127.0.0.1:54328" [_thread_in_native, id=2548, stack(0x000000001a770000,0x000000001a870000)]
  0x000000001922d800 JavaThread "Daemon" [_thread_blocked, id=7936, stack(0x000000001a670000,0x000000001a770000)]
  0x0000000019244800 JavaThread "pool-1-thread-1" [_thread_blocked, id=8904, stack(0x000000001a570000,0x000000001a670000)]
  0x000000001968d000 JavaThread "Incoming local TCP Connector on port 54326" [_thread_in_native, id=8740, stack(0x0000000018ad0000,0x0000000018bd0000)]
  0x00000000162ce000 JavaThread "Service Thread" daemon [_thread_blocked, id=7744, stack(0x00000000180d0000,0x00000000181d0000)]
  0x0000000016272800 JavaThread "C1 CompilerThread2" daemon [_thread_blocked, id=8316, stack(0x0000000017bd0000,0x0000000017cd0000)]
=>0x0000000016271000 JavaThread "C2 CompilerThread1" daemon [_thread_in_native, id=7976, stack(0x0000000017ad0000,0x0000000017bd0000)]
  0x0000000016278000 JavaThread "C2 CompilerThread0" daemon [_thread_in_native, id=7884, stack(0x00000000179d0000,0x0000000017ad0000)]
  0x0000000016276800 JavaThread "Attach Listener" daemon [_thread_blocked, id=3240, stack(0x00000000178d0000,0x00000000179d0000)]
  0x0000000016275800 JavaThread "Signal Dispatcher" daemon [_thread_blocked, id=2288, stack(0x00000000177d0000,0x00000000178d0000)]
  0x0000000016258800 JavaThread "Finalizer" daemon [_thread_blocked, id=7056, stack(0x00000000174c0000,0x00000000175c0000)]
  0x00000000028d1000 JavaThread "Reference Handler" daemon [_thread_blocked, id=8432, stack(0x00000000173c0000,0x00000000174c0000)]
  0x00000000027e0800 JavaThread "main" [_thread_blocked, id=6760, stack(0x00000000026b0000,0x00000000027b0000)]

Other Threads:
  0x0000000016234800 VMThread [stack: 0x00000000172c0000,0x00000000173c0000] [id=596]
  0x0000000017cfb800 WatcherThread [stack: 0x00000000181d0000,0x00000000182d0000] [id=2904]

VM state:not at safepoint (normal execution)

VM Mutex/Monitor currently owned by a thread: None

Heap:
 PSYoungGen      total 37888K, used 36341K [0x00000000e0000000, 0x00000000e2a00000, 0x0000000100000000)
  eden space 32768K, 95% used [0x00000000e0000000,0x00000000e1e7eda0,0x00000000e2000000)
  from space 5120K, 99% used [0x00000000e2500000,0x00000000e29fe980,0x00000000e2a00000)
  to   space 5120K, 0% used [0x00000000e2000000,0x00000000e2000000,0x00000000e2500000)
 ParOldGen       total 86016K, used 702K [0x00000000a0000000, 0x00000000a5400000, 0x00000000e0000000)
  object space 86016K, 0% used [0x00000000a0000000,0x00000000a00afbd0,0x00000000a5400000)
 Metaspace       used 18220K, capacity 18556K, committed 18688K, reserved 1064960K
  class space    used 2425K, capacity 2554K, committed 2560K, reserved 1048576K

Card table byte_map: [0x0000000011ca0000,0x0000000011fb0000] byte_map_base: 0x00000000117a0000

Marking Bits: (ParMarkBitMap*) 0x0000000051bc9d00
 Begin Bits: [0x00000000125b0000, 0x0000000013db0000)
 End Bits:   [0x0000000013db0000, 0x00000000155b0000)

Polling page: 0x00000000027b0000

CodeCache: size=245760Kb used=5272Kb max_used=5272Kb free=240487Kb
 bounds [0x00000000028e0000, 0x0000000002e10000, 0x00000000118e0000]
 total_blobs=1967 nmethods=1588 adapters=293
 compilation: enabled

Compilation events (10 events):
Event: 7.265 Thread 0x0000000016272800 1584       3       java.lang.AbstractStringBuilder::append (50 bytes)
Event: 7.266 Thread 0x0000000016272800 nmethod 1584 0x0000000002e06310 code [0x0000000002e064a0, 0x0000000002e069a8]
Event: 7.269 Thread 0x0000000016272800 1585       3       java.util.regex.Pattern$Ctype::isSatisfiedBy (24 bytes)
Event: 7.270 Thread 0x0000000016272800 nmethod 1585 0x0000000002e06b90 code [0x0000000002e06d00, 0x0000000002e07090]
Event: 7.270 Thread 0x0000000016272800 1586       3       java.util.regex.Pattern$5::isSatisfiedBy (28 bytes)
Event: 7.270 Thread 0x0000000016272800 nmethod 1586 0x0000000002e07210 code [0x0000000002e073a0, 0x0000000002e07738]
Event: 7.280 Thread 0x0000000016272800 1587       3       java.io.File::<init> (20 bytes)
Event: 7.280 Thread 0x0000000016272800 nmethod 1587 0x0000000002e07850 code [0x0000000002e079a0, 0x0000000002e07b90]
Event: 7.293 Thread 0x0000000016272800 1588       3       java.util.concurrent.locks.ReentrantLock::unlock (10 bytes)
Event: 7.293 Thread 0x0000000016272800 nmethod 1588 0x0000000002e07c50 code [0x0000000002e07de0, 0x0000000002e081d8]

GC Heap History (4 events):
Event: 2.335 GC heap before
{Heap before GC invocations=1 (full 0):
 PSYoungGen      total 37888K, used 32768K [0x00000000e0000000, 0x00000000e2a00000, 0x0000000100000000)
  eden space 32768K, 100% used [0x00000000e0000000,0x00000000e2000000,0x00000000e2000000)
  from space 5120K, 0% used [0x00000000e2500000,0x00000000e2500000,0x00000000e2a00000)
  to   space 5120K, 0% used [0x00000000e2000000,0x00000000e2000000,0x00000000e2500000)
 ParOldGen       total 86016K, used 0K [0x00000000a0000000, 0x00000000a5400000, 0x00000000e0000000)
  object space 86016K, 0% used [0x00000000a0000000,0x00000000a0000000,0x00000000a5400000)
 Metaspace       used 5775K, capacity 6288K, committed 6528K, reserved 1056768K
  class space    used 730K, capacity 800K, committed 896K, reserved 1048576K
Event: 2.349 GC heap after
Heap after GC invocations=1 (full 0):
 PSYoungGen      total 37888K, used 3981K [0x00000000e0000000, 0x00000000e2a00000, 0x0000000100000000)
  eden space 32768K, 0% used [0x00000000e0000000,0x00000000e0000000,0x00000000e2000000)
  from space 5120K, 77% used [0x00000000e2000000,0x00000000e23e36f8,0x00000000e2500000)
  to   space 5120K, 0% used [0x00000000e2500000,0x00000000e2500000,0x00000000e2a00000)
 ParOldGen       total 86016K, used 8K [0x00000000a0000000, 0x00000000a5400000, 0x00000000e0000000)
  object space 86016K, 0% used [0x00000000a0000000,0x00000000a0002000,0x00000000a5400000)
 Metaspace       used 5775K, capacity 6288K, committed 6528K, reserved 1056768K
  class space    used 730K, capacity 800K, committed 896K, reserved 1048576K
}
Event: 5.702 GC heap before
{Heap before GC invocations=2 (full 0):
 PSYoungGen      total 37888K, used 36749K [0x00000000e0000000, 0x00000000e2a00000, 0x0000000100000000)
  eden space 32768K, 100% used [0x00000000e0000000,0x00000000e2000000,0x00000000e2000000)
  from space 5120K, 77% used [0x00000000e2000000,0x00000000e23e36f8,0x00000000e2500000)
  to   space 5120K, 0% used [0x00000000e2500000,0x00000000e2500000,0x00000000e2a00000)
 ParOldGen       total 86016K, used 8K [0x00000000a0000000, 0x00000000a5400000, 0x00000000e0000000)
  object space 86016K, 0% used [0x00000000a0000000,0x00000000a0002000,0x00000000a5400000)
 Metaspace       used 12320K, capacity 12708K, committed 12800K, reserved 1060864K
  class space    used 1641K, capacity 1782K, committed 1792K, reserved 1048576K
Event: 5.727 GC heap after
Heap after GC invocations=2 (full 0):
 PSYoungGen      total 37888K, used 5114K [0x00000000e0000000, 0x00000000e2a00000, 0x0000000100000000)
  eden space 32768K, 0% used [0x00000000e0000000,0x00000000e0000000,0x00000000e2000000)
  from space 5120K, 99% used [0x00000000e2500000,0x00000000e29fe980,0x00000000e2a00000)
  to   space 5120K, 0% used [0x00000000e2000000,0x00000000e2000000,0x00000000e2500000)
 ParOldGen       total 86016K, used 702K [0x00000000a0000000, 0x00000000a5400000, 0x00000000e0000000)
  object space 86016K, 0% used [0x00000000a0000000,0x00000000a00afbd0,0x00000000a5400000)
 Metaspace       used 12320K, capacity 12708K, committed 12800K, reserved 1060864K
  class space    used 1641K, capacity 1782K, committed 1792K, reserved 1048576K
}

Deoptimization events (10 events):
Event: 5.373 Thread 0x00000000192cc000 Uncommon trap: reason=bimorphic action=maybe_recompile pc=0x0000000002b30760 method=java.util.HashMap.putVal(ILjava/lang/Object;Ljava/lang/Object;ZZ)Ljava/lang/Object; @ 91
Event: 5.865 Thread 0x00000000192cc000 Uncommon trap: reason=unstable_if action=reinterpret pc=0x0000000002a30688 method=java.net.URI.match(CJJ)Z @ 19
Event: 6.885 Thread 0x00000000192cc000 Uncommon trap: reason=class_check action=maybe_recompile pc=0x0000000002b0c6dc method=java.util.regex.Matcher.match(II)Z @ 86
Event: 6.886 Thread 0x00000000192cc000 Uncommon trap: reason=class_check action=maybe_recompile pc=0x0000000002b0c6dc method=java.util.regex.Matcher.match(II)Z @ 86
Event: 7.019 Thread 0x00000000192cc000 Uncommon trap: reason=class_check action=maybe_recompile pc=0x0000000002dbfcf4 method=org.gradle.internal.service.DefaultServiceRegistry$SingletonService.getService(Lorg/gradle/internal/service/DefaultServiceRegistry$LookupContext;Lorg/gradle/internal/servCwÛ±-@
Event: 7.019 Thread 0x00000000192cc000 Uncommon trap: reason=class_check action=maybe_recompile pc=0x0000000002dbfcf4 method=org.gradle.internal.service.DefaultServiceRegistry$SingletonService.getService(Lorg/gradle/internal/service/DefaultServiceRegistry$LookupContext;Lorg/gradle/internal/servÑ†¡qC@
Event: 7.019 Thread 0x00000000192cc000 Uncommon trap: reason=class_check action=maybe_recompile pc=0x0000000002dbfcf4 method=org.gradle.internal.service.DefaultServiceRegistry$SingletonService.getService(Lorg/gradle/internal/service/DefaultServiceRegistry$LookupContext;Lorg/gradle/internal/serv
Event: 7.019 Thread 0x00000000192cc000 Uncommon trap: reason=class_check action=maybe_recompile pc=0x0000000002dbfcf4 method=org.gradle.internal.service.DefaultServiceRegistry$SingletonService.getService(Lorg/gradle/internal/service/DefaultServiceRegistry$LookupContext;Lorg/gradle/internal/serv¡èÓ*ð@
Event: 7.234 Thread 0x00000000192cc000 Uncommon trap: reason=unstable_if action=reinterpret pc=0x0000000002bc0ce0 method=java.lang.AbstractStringBuilder.append(Ljava/lang/String;)Ljava/lang/AbstractStringBuilder; @ 1
Event: 7.236 Thread 0x00000000192cc000 Uncommon trap: reason=unstable_if action=reinterpret pc=0x0000000002b28e64 method=java.lang.AbstractStringBuilder.append(Ljava/lang/String;)Ljava/lang/AbstractStringBuilder; @ 1

Internal exceptions (10 events):
Event: 6.542 Thread 0x00000000192cc000 Exception <a 'java/lang/ClassNotFoundException': org/gradle/api/internal/plugins/DefaultExtraPropertiesExtensionBeanInfo> (0x00000000e0e7e650) thrown at [C:\src\android\AOSP-openjdk\external\jetbrains\jdk\hotspot\src\share\vm\classfile\systemDictionary.cppy4Ølè+@
Event: 6.543 Thread 0x00000000192cc000 Exception <a 'java/lang/ClassNotFoundException': groovy/lang/GroovyObjectSupportBeanInfo> (0x00000000e0e8a488) thrown at [C:\src\android\AOSP-openjdk\external\jetbrains\jdk\hotspot\src\share\vm\classfile\systemDictionary.cpp, line 210]
Event: 6.544 Thread 0x00000000192cc000 Exception <a 'java/lang/ClassNotFoundException': groovy/lang/GroovyObjectSupportCustomizer> (0x00000000e0e96648) thrown at [C:\src\android\AOSP-openjdk\external\jetbrains\jdk\hotspot\src\share\vm\classfile\systemDictionary.cpp, line 210]
Event: 6.546 Thread 0x00000000192cc000 Exception <a 'java/lang/ClassNotFoundException': org/gradle/api/internal/plugins/DefaultExtraPropertiesExtensionCustomizer> (0x00000000e0eacac0) thrown at [C:\src\android\AOSP-openjdk\external\jetbrains\jdk\hotspot\src\share\vm\classfile\systemDictionary.cå­~ÆØ~@
Event: 7.124 Thread 0x00000000192cc000 Exception <a 'java/lang/NoSuchMethodError': <clinit>> (0x00000000e1aea240) thrown at [C:\src\android\AOSP-openjdk\external\jetbrains\jdk\hotspot\src\share\vm\prims\jni.cpp, line 1591]
Event: 7.125 Thread 0x00000000192cc000 Exception <a 'java/lang/NoSuchMethodError': <clinit>> (0x00000000e1aec9f8) thrown at [C:\src\android\AOSP-openjdk\external\jetbrains\jdk\hotspot\src\share\vm\prims\jni.cpp, line 1591]
Event: 7.127 Thread 0x00000000192cc000 Exception <a 'java/lang/NoSuchMethodError': <clinit>> (0x00000000e1af8cd8) thrown at [C:\src\android\AOSP-openjdk\external\jetbrains\jdk\hotspot\src\share\vm\prims\jni.cpp, line 1591]
Event: 7.128 Thread 0x00000000192cc000 Exception <a 'java/lang/NoSuchMethodError': <clinit>> (0x00000000e1b03190) thrown at [C:\src\android\AOSP-openjdk\external\jetbrains\jdk\hotspot\src\share\vm\prims\jni.cpp, line 1591]
Event: 7.234 Thread 0x00000000192cc000 Implicit null exception at 0x0000000002bc0996 to 0x0000000002bc0cc9
Event: 7.236 Thread 0x00000000192cc000 Implicit null exception at 0x0000000002b28ad7 to 0x0000000002b28e4d

Events (10 events):
Event: 7.302 loading class com/google/common/io/ByteStreams$FastByteArrayOutputStream
Event: 7.302 loading class com/google/common/io/ByteStreams$FastByteArrayOutputStream done
Event: 7.302 Executing VM operation: Deoptimize
Event: 7.303 Executing VM operation: Deoptimize done
Event: 7.304 loading class com/google/common/io/ByteStreams$LimitedInputStream
Event: 7.304 loading class com/google/common/io/ByteStreams$LimitedInputStream done
Event: 7.304 loading class com/google/common/io/ByteStreams$1
Event: 7.304 loading class com/google/common/io/ByteStreams$1 done
Event: 7.308 loading class org/gradle/internal/logging/sink/ProgressLogEventGenerator$1
Event: 7.308 loading class org/gradle/internal/logging/sink/ProgressLogEventGenerator$1 done


Dynamic libraries:
0x00007ff73d780000 - 0x00007ff73d7b1000 	C:\Program Files\Android\Android Studio\jre\bin\java.exe
0x00007ffd89dd0000 - 0x00007ffd89f76000 	C:\Windows\SYSTEM32\ntdll.dll
0x00007ffd86f90000 - 0x00007ffd870ca000 	C:\Windows\system32\KERNEL32.DLL
0x00007ffd85f70000 - 0x00007ffd8607f000 	C:\Windows\system32\KERNELBASE.dll
0x00007ffd86af0000 - 0x00007ffd86b95000 	C:\Windows\system32\ADVAPI32.dll
0x00007ffd86e10000 - 0x00007ffd86f81000 	C:\Windows\system32\USER32.dll
0x00007ffd855d0000 - 0x00007ffd8582a000 	C:\Windows\WinSxS\amd64_microsoft.windows.common-controls_6595b64144ccf1df_6.0.9600.17031_none_6242a4b3ecbb55a1\COMCTL32.dll
0x00007ffd86360000 - 0x00007ffd86407000 	C:\Windows\system32\msvcrt.dll
0x00007ffd86d80000 - 0x00007ffd86dd7000 	C:\Windows\SYSTEM32\sechost.dll
0x00007ffd870d0000 - 0x00007ffd87207000 	C:\Windows\system32\RPCRT4.dll
0x00007ffd88990000 - 0x00007ffd88ad4000 	C:\Windows\system32\GDI32.dll
0x00007ffd872c0000 - 0x00007ffd872f4000 	C:\Windows\system32\IMM32.DLL
0x00007ffd866a0000 - 0x00007ffd867d9000 	C:\Windows\system32\MSCTF.dll
0x0000000051330000 - 0x0000000051402000 	C:\Program Files\Android\Android Studio\jre\jre\bin\msvcr100.dll
0x0000000051410000 - 0x0000000051c44000 	C:\Program Files\Android\Android Studio\jre\jre\bin\server\jvm.dll
0x00007ffd7c530000 - 0x00007ffd7c539000 	C:\Windows\SYSTEM32\WSOCK32.dll
0x00007ffd72a70000 - 0x00007ffd72a8f000 	C:\Windows\SYSTEM32\WINMM.dll
0x00007ffd84670000 - 0x00007ffd8467a000 	C:\Windows\SYSTEM32\VERSION.dll
0x00007ffd86690000 - 0x00007ffd86697000 	C:\Windows\system32\PSAPI.DLL
0x00007ffd86a90000 - 0x00007ffd86ae8000 	C:\Windows\system32\WS2_32.dll
0x00007ffd72a20000 - 0x00007ffd72a4a000 	C:\Windows\SYSTEM32\WINMMBASE.dll
0x00007ffd87370000 - 0x00007ffd87379000 	C:\Windows\system32\NSI.dll
0x00007ffd86080000 - 0x00007ffd860ca000 	C:\Windows\SYSTEM32\cfgmgr32.dll
0x00007ffd84290000 - 0x00007ffd842b6000 	C:\Windows\SYSTEM32\DEVOBJ.dll
0x00007ffd89720000 - 0x00007ffd8972f000 	C:\Program Files\Android\Android Studio\jre\jre\bin\verify.dll
0x00007ffd89680000 - 0x00007ffd896a9000 	C:\Program Files\Android\Android Studio\jre\jre\bin\java.dll
0x00007ffd88d70000 - 0x00007ffd88d86000 	C:\Program Files\Android\Android Studio\jre\jre\bin\zip.dll
0x00007ffd87380000 - 0x00007ffd8878f000 	C:\Windows\system32\SHELL32.dll
0x00007ffd86410000 - 0x00007ffd865e6000 	C:\Windows\SYSTEM32\combase.dll
0x00007ffd87310000 - 0x00007ffd87361000 	C:\Windows\system32\SHLWAPI.dll
0x00007ffd85410000 - 0x00007ffd854af000 	C:\Windows\SYSTEM32\SHCORE.dll
0x00007ffd85e50000 - 0x00007ffd85e64000 	C:\Windows\SYSTEM32\profapi.dll
0x00007ffd88c90000 - 0x00007ffd88caa000 	C:\Program Files\Android\Android Studio\jre\jre\bin\net.dll
0x00007ffd85270000 - 0x00007ffd852c8000 	C:\Windows\system32\mswsock.dll
0x00007ffd84b90000 - 0x00007ffd84ba1000 	C:\Program Files\Android\Android Studio\jre\jre\bin\nio.dll
0x00007ffd88f30000 - 0x00007ffd88f42000 	C:\Users\Apex\.gradle\native\19\windows-amd64\native-platform.dll
0x00007ffd852d0000 - 0x00007ffd852ee000 	C:\Windows\SYSTEM32\CRYPTSP.dll
0x00007ffd84f10000 - 0x00007ffd84f45000 	C:\Windows\system32\rsaenh.dll
0x00007ffd858a0000 - 0x00007ffd858c6000 	C:\Windows\SYSTEM32\bcrypt.dll
0x00007ffd85020000 - 0x00007ffd8503e000 	C:\Windows\SYSTEM32\USERENV.dll
0x00007ffd85c60000 - 0x00007ffd85cc0000 	C:\Windows\system32\bcryptprimitives.dll
0x00007ffd85dc0000 - 0x00007ffd85dca000 	C:\Windows\SYSTEM32\CRYPTBASE.dll
0x00007ffd81390000 - 0x00007ffd813b9000 	C:\Windows\SYSTEM32\IPHLPAPI.DLL
0x00007ffd81380000 - 0x00007ffd8138a000 	C:\Windows\SYSTEM32\WINNSI.DLL
0x00007ffd80f70000 - 0x00007ffd80f84000 	C:\Windows\SYSTEM32\dhcpcsvc6.DLL
0x00007ffd80f90000 - 0x00007ffd80fa9000 	C:\Windows\SYSTEM32\dhcpcsvc.DLL
0x00007ffd896f0000 - 0x00007ffd896fd000 	C:\Program Files\Android\Android Studio\jre\jre\bin\management.dll
0x00007ffd70d40000 - 0x00007ffd70ec8000 	C:\Windows\SYSTEM32\dbghelp.dll

VM Arguments:
jvm_args: -Xmx1536m -Dfile.encoding=windows-1252 -Duser.country=US -Duser.language=en -Duser.variant 
java_command: org.gradle.launcher.daemon.bootstrap.GradleDaemon 2.14.1
java_class_path (initial): C:\Users\Apex\.gradle\wrapper\dists\gradle-2.14.1-all\8bnwg5hd3w55iofp58khbp6yv\gradle-2.14.1\lib\gradle-launcher-2.14.1.jar
Launcher Type: SUN_STANDARD

Environment Variables:
JAVA_HOME=C:\Program Files\Java\jdk1.8.0_101\
PATH=C:\ProgramData\Oracle\Java\javapath;C:\Windows\system32;C:\Windows;C:\Windows\System32\Wbem;C:\Windows\System32\WindowsPowerShell\v1.0\;C:\Program Files\Java\jdk1.8.0_05\bin;C:\Program Files (x86)\Java\jdk1.7.0_04\bin;C:\xampp\php;C:\Program Files (x86)\Heroku\bin;C:\Program Files (x86)\git\cmd;C:\Program Files (x86)\Windows Kits\8.1\Windows Performance Toolkit\;c:\Program Files (x86)\Microsoft SQL Server\110\Tools\Binn\;c:\Program Files (x86)\Microsoft SQL Server\110\DTS\Binn\;c:\Program Files (x86)\Microsoft SQL Server\110\Tools\Binn\ManagementStudio\;C:\Python27;C:\Program Files\Java\jdk1.8.0_45\bin;C:\Program Files\Git\cmd;C:\ProgramData\ComposerSetup\bin;C:\Program Files\nodejs\;C:\Program Files (x86)\Skype\Phone\;C:\Users\Apex\AppData\Roaming\Composer\vendor\bin;C:\Users\Apex\AppData\Roaming\npm
USERNAME=Apex
OS=Windows_NT
PROCESSOR_IDENTIFIER=Intel64 Family 6 Model 37 Stepping 5, GenuineIntel



---------------  S Y S T E M  ---------------

OS: Windows 8.1 , 64 bit Build 9600 (6.3.9600.17056)

CPU:total 4 (2 cores per cpu, 2 threads per core) family 6 model 37 stepping 5, cmov, cx8, fxsr, mmx, sse, sse2, sse3, ssse3, sse4.1, sse4.2, popcnt, ht, tsc, tscinvbit

Memory: 4k page, physical 8181612k(1120328k free), swap 16570220k(5631760k free)

vm_info: OpenJDK 64-Bit Server VM (25.76-b03) for windows-amd64 JRE (1.8.0_76-release-b03), built on Jun 29 2016 19:09:20 by "ralucas" with MS VC++ 10.0 (VS2010)

time: Mon Nov 28 19:21:28 2016
elapsed time: 7 seconds (0d 0h 0m 7s)

